This is pdfTeX, Version 3.14159265-2.6-1.40.18 (TeX Live 2017) (preloaded format=pdflatex 2018.2.19)  18 MAR 2022 10:00
entering extended mode
 restricted \write18 enabled.
 %&-line parsing enabled.
**UFEMISM_documentation.tex
(./UFEMISM_documentation.tex
LaTeX2e <2017-04-15>
Babel <3.18> and hyphenation patterns for 84 language(s) loaded.
(/usr/local/texlive/2017/texmf-dist/tex/latex/base/article.cls
Document Class: article 2014/09/29 v1.4h Standard LaTeX document class
(/usr/local/texlive/2017/texmf-dist/tex/latex/base/size10.clo
File: size10.clo 2014/09/29 v1.4h Standard LaTeX file (size option)
)
\c@part=\count79
\c@section=\count80
\c@subsection=\count81
\c@subsubsection=\count82
\c@paragraph=\count83
\c@subparagraph=\count84
\c@figure=\count85
\c@table=\count86
\abovecaptionskip=\skip41
\belowcaptionskip=\skip42
\bibindent=\dimen102
)
(/usr/local/texlive/2017/texmf-dist/tex/latex/graphics/graphicx.sty
Package: graphicx 2017/06/01 v1.1a Enhanced LaTeX Graphics (DPC,SPQR)

(/usr/local/texlive/2017/texmf-dist/tex/latex/graphics/keyval.sty
Package: keyval 2014/10/28 v1.15 key=value parser (DPC)
\KV@toks@=\toks14
)
(/usr/local/texlive/2017/texmf-dist/tex/latex/graphics/graphics.sty
Package: graphics 2017/06/25 v1.2c Standard LaTeX Graphics (DPC,SPQR)

(/usr/local/texlive/2017/texmf-dist/tex/latex/graphics/trig.sty
Package: trig 2016/01/03 v1.10 sin cos tan (DPC)
)
(/usr/local/texlive/2017/texmf-dist/tex/latex/graphics-cfg/graphics.cfg
File: graphics.cfg 2016/06/04 v1.11 sample graphics configuration
)
Package graphics Info: Driver file: pdftex.def on input line 99.

(/usr/local/texlive/2017/texmf-dist/tex/latex/graphics-def/pdftex.def
File: pdftex.def 2018/01/08 v1.0l Graphics/color driver for pdftex
))
\Gin@req@height=\dimen103
\Gin@req@width=\dimen104
)
(/usr/local/texlive/2017/texmf-dist/tex/latex/amsfonts/amssymb.sty
Package: amssymb 2013/01/14 v3.01 AMS font symbols

(/usr/local/texlive/2017/texmf-dist/tex/latex/amsfonts/amsfonts.sty
Package: amsfonts 2013/01/14 v3.01 Basic AMSFonts support
\@emptytoks=\toks15
\symAMSa=\mathgroup4
\symAMSb=\mathgroup5
LaTeX Font Info:    Overwriting math alphabet `\mathfrak' in version `bold'
(Font)                  U/euf/m/n --> U/euf/b/n on input line 106.
))
(/usr/local/texlive/2017/texmf-dist/tex/latex/caption/subcaption.sty
Package: subcaption 2016/05/22 v1.1-161 Sub-captions (AR)

(/usr/local/texlive/2017/texmf-dist/tex/latex/caption/caption.sty
Package: caption 2016/02/21 v3.3-144 Customizing captions (AR)

(/usr/local/texlive/2017/texmf-dist/tex/latex/caption/caption3.sty
Package: caption3 2016/05/22 v1.7-166 caption3 kernel (AR)
Package caption3 Info: TeX engine: e-TeX on input line 67.
\captionmargin=\dimen105
\captionmargin@=\dimen106
\captionwidth=\dimen107
\caption@tempdima=\dimen108
\caption@indent=\dimen109
\caption@parindent=\dimen110
\caption@hangindent=\dimen111
)
\c@ContinuedFloat=\count87
)
\c@subfigure=\count88
\c@subtable=\count89
)
(/usr/local/texlive/2017/texmf-dist/tex/latex/float/float.sty
Package: float 2001/11/08 v1.3d Float enhancements (AL)
\c@float@type=\count90
\float@exts=\toks16
\float@box=\box26
\@float@everytoks=\toks17
\@floatcapt=\box27
)
(/usr/local/texlive/2017/texmf-dist/tex/latex/was/gensymb.sty
Package: gensymb 2003/07/02 v1.0 (WaS)
)
(/usr/local/texlive/2017/texmf-dist/tex/latex/amsmath/amsmath.sty
Package: amsmath 2017/09/02 v2.17a AMS math features
\@mathmargin=\skip43

For additional information on amsmath, use the `?' option.
(/usr/local/texlive/2017/texmf-dist/tex/latex/amsmath/amstext.sty
Package: amstext 2000/06/29 v2.01 AMS text

(/usr/local/texlive/2017/texmf-dist/tex/latex/amsmath/amsgen.sty
File: amsgen.sty 1999/11/30 v2.0 generic functions
\@emptytoks=\toks18
\ex@=\dimen112
))
(/usr/local/texlive/2017/texmf-dist/tex/latex/amsmath/amsbsy.sty
Package: amsbsy 1999/11/29 v1.2d Bold Symbols
\pmbraise@=\dimen113
)
(/usr/local/texlive/2017/texmf-dist/tex/latex/amsmath/amsopn.sty
Package: amsopn 2016/03/08 v2.02 operator names
)
\inf@bad=\count91
LaTeX Info: Redefining \frac on input line 213.
\uproot@=\count92
\leftroot@=\count93
LaTeX Info: Redefining \overline on input line 375.
\classnum@=\count94
\DOTSCASE@=\count95
LaTeX Info: Redefining \ldots on input line 472.
LaTeX Info: Redefining \dots on input line 475.
LaTeX Info: Redefining \cdots on input line 596.
\Mathstrutbox@=\box28
\strutbox@=\box29
\big@size=\dimen114
LaTeX Font Info:    Redeclaring font encoding OML on input line 712.
LaTeX Font Info:    Redeclaring font encoding OMS on input line 713.
\macc@depth=\count96
\c@MaxMatrixCols=\count97
\dotsspace@=\muskip10
\c@parentequation=\count98
\dspbrk@lvl=\count99
\tag@help=\toks19
\row@=\count100
\column@=\count101
\maxfields@=\count102
\andhelp@=\toks20
\eqnshift@=\dimen115
\alignsep@=\dimen116
\tagshift@=\dimen117
\tagwidth@=\dimen118
\totwidth@=\dimen119
\lineht@=\dimen120
\@envbody=\toks21
\multlinegap=\skip44
\multlinetaggap=\skip45
\mathdisplay@stack=\toks22
LaTeX Info: Redefining \[ on input line 2817.
LaTeX Info: Redefining \] on input line 2818.
)
(/usr/local/texlive/2017/texmf-dist/tex/latex/tools/array.sty
Package: array 2016/10/06 v2.4d Tabular extension package (FMi)
\col@sep=\dimen121
\extrarowheight=\dimen122
\NC@list=\toks23
\extratabsurround=\skip46
\backup@length=\skip47
)
(/usr/local/texlive/2017/texmf-dist/tex/latex/geometry/geometry.sty
Package: geometry 2010/09/12 v5.6 Page Geometry

(/usr/local/texlive/2017/texmf-dist/tex/generic/oberdiek/ifpdf.sty
Package: ifpdf 2017/03/15 v3.2 Provides the ifpdf switch
)
(/usr/local/texlive/2017/texmf-dist/tex/generic/oberdiek/ifvtex.sty
Package: ifvtex 2016/05/16 v1.6 Detect VTeX and its facilities (HO)
Package ifvtex Info: VTeX not detected.
)
(/usr/local/texlive/2017/texmf-dist/tex/generic/ifxetex/ifxetex.sty
Package: ifxetex 2010/09/12 v0.6 Provides ifxetex conditional
)
\Gm@cnth=\count103
\Gm@cntv=\count104
\c@Gm@tempcnt=\count105
\Gm@bindingoffset=\dimen123
\Gm@wd@mp=\dimen124
\Gm@odd@mp=\dimen125
\Gm@even@mp=\dimen126
\Gm@layoutwidth=\dimen127
\Gm@layoutheight=\dimen128
\Gm@layouthoffset=\dimen129
\Gm@layoutvoffset=\dimen130
\Gm@dimlist=\toks24
)
(/usr/local/texlive/2017/texmf-dist/tex/latex/listings/listings.sty
\lst@mode=\count106
\lst@gtempboxa=\box30
\lst@token=\toks25
\lst@length=\count107
\lst@currlwidth=\dimen131
\lst@column=\count108
\lst@pos=\count109
\lst@lostspace=\dimen132
\lst@width=\dimen133
\lst@newlines=\count110
\lst@lineno=\count111
\lst@maxwidth=\dimen134

(/usr/local/texlive/2017/texmf-dist/tex/latex/listings/lstmisc.sty
File: lstmisc.sty 2015/06/04 1.6 (Carsten Heinz)
\c@lstnumber=\count112
\lst@skipnumbers=\count113
\lst@framebox=\box31
)
(/usr/local/texlive/2017/texmf-dist/tex/latex/listings/listings.cfg
File: listings.cfg 2015/06/04 1.6 listings configuration
))
Package: listings 2015/06/04 1.6 (Carsten Heinz)

No file UFEMISM_documentation.aux.
\openout1 = `UFEMISM_documentation.aux'.

LaTeX Font Info:    Checking defaults for OML/cmm/m/it on input line 23.
LaTeX Font Info:    ... okay on input line 23.
LaTeX Font Info:    Checking defaults for T1/cmr/m/n on input line 23.
LaTeX Font Info:    ... okay on input line 23.
LaTeX Font Info:    Checking defaults for OT1/cmr/m/n on input line 23.
LaTeX Font Info:    ... okay on input line 23.
LaTeX Font Info:    Checking defaults for OMS/cmsy/m/n on input line 23.
LaTeX Font Info:    ... okay on input line 23.
LaTeX Font Info:    Checking defaults for OMX/cmex/m/n on input line 23.
LaTeX Font Info:    ... okay on input line 23.
LaTeX Font Info:    Checking defaults for U/cmr/m/n on input line 23.
LaTeX Font Info:    ... okay on input line 23.
(/usr/local/texlive/2017/texmf-dist/tex/context/base/mkii/supp-pdf.mkii
[Loading MPS to PDF converter (version 2006.09.02).]
\scratchcounter=\count114
\scratchdimen=\dimen135
\scratchbox=\box32
\nofMPsegments=\count115
\nofMParguments=\count116
\everyMPshowfont=\toks26
\MPscratchCnt=\count117
\MPscratchDim=\dimen136
\MPnumerator=\count118
\makeMPintoPDFobject=\count119
\everyMPtoPDFconversion=\toks27
) (/usr/local/texlive/2017/texmf-dist/tex/latex/oberdiek/epstopdf-base.sty
Package: epstopdf-base 2016/05/15 v2.6 Base part for package epstopdf

(/usr/local/texlive/2017/texmf-dist/tex/generic/oberdiek/infwarerr.sty
Package: infwarerr 2016/05/16 v1.4 Providing info/warning/error messages (HO)
)
(/usr/local/texlive/2017/texmf-dist/tex/latex/oberdiek/grfext.sty
Package: grfext 2016/05/16 v1.2 Manage graphics extensions (HO)

(/usr/local/texlive/2017/texmf-dist/tex/generic/oberdiek/kvdefinekeys.sty
Package: kvdefinekeys 2016/05/16 v1.4 Define keys (HO)

(/usr/local/texlive/2017/texmf-dist/tex/generic/oberdiek/ltxcmds.sty
Package: ltxcmds 2016/05/16 v1.23 LaTeX kernel commands for general use (HO)
)))
(/usr/local/texlive/2017/texmf-dist/tex/latex/oberdiek/kvoptions.sty
Package: kvoptions 2016/05/16 v3.12 Key value format for package options (HO)

(/usr/local/texlive/2017/texmf-dist/tex/generic/oberdiek/kvsetkeys.sty
Package: kvsetkeys 2016/05/16 v1.17 Key value parser (HO)

(/usr/local/texlive/2017/texmf-dist/tex/generic/oberdiek/etexcmds.sty
Package: etexcmds 2016/05/16 v1.6 Avoid name clashes with e-TeX commands (HO)

(/usr/local/texlive/2017/texmf-dist/tex/generic/oberdiek/ifluatex.sty
Package: ifluatex 2016/05/16 v1.4 Provides the ifluatex switch (HO)
Package ifluatex Info: LuaTeX not detected.
)
Package etexcmds Info: Could not find \expanded.
(etexcmds)             That can mean that you are not using pdfTeX 1.50 or
(etexcmds)             that some package has redefined \expanded.
(etexcmds)             In the latter case, load this package earlier.
)))
(/usr/local/texlive/2017/texmf-dist/tex/generic/oberdiek/pdftexcmds.sty
Package: pdftexcmds 2018/01/21 v0.26 Utility functions of pdfTeX for LuaTeX (HO
)
Package pdftexcmds Info: LuaTeX not detected.
Package pdftexcmds Info: \pdf@primitive is available.
Package pdftexcmds Info: \pdf@ifprimitive is available.
Package pdftexcmds Info: \pdfdraftmode found.
)
Package epstopdf-base Info: Redefining graphics rule for `.eps' on input line 4
38.
Package grfext Info: Graphics extension search list:
(grfext)             [.pdf,.png,.jpg,.mps,.jpeg,.jbig2,.jb2,.PDF,.PNG,.JPG,.JPE
G,.JBIG2,.JB2,.eps]
(grfext)             \AppendGraphicsExtensions on input line 456.

(/usr/local/texlive/2017/texmf-dist/tex/latex/latexconfig/epstopdf-sys.cfg
File: epstopdf-sys.cfg 2010/07/13 v1.3 Configuration of (r)epstopdf for TeX Liv
e
))
Package caption Info: Begin \AtBeginDocument code.
Package caption Info: float package is loaded.
Package caption Info: listings package is loaded.
Package caption Info: End \AtBeginDocument code.
LaTeX Info: Redefining \celsius on input line 23.
Package gensymb Info: Faking symbols for \degree and \celsius on input line 23.



Package gensymb Warning: Not defining \perthousand.

LaTeX Info: Redefining \ohm on input line 23.
Package gensymb Info: Using \Omega for \ohm on input line 23.

Package gensymb Warning: Not defining \micro.

*geometry* driver: auto-detecting
*geometry* detected driver: pdftex
*geometry* verbose mode - [ preamble ] result:
* driver: pdftex
* paper: a4paper
* layout: <same size as paper>
* layoutoffset:(h,v)=(0.0pt,0.0pt)
* modes: 
* h-part:(L,W,R)=(56.9055pt, 483.69684pt, 56.90553pt)
* v-part:(T,H,B)=(56.9055pt, 731.23582pt, 56.90552pt)
* \paperwidth=597.50787pt
* \paperheight=845.04684pt
* \textwidth=483.69684pt
* \textheight=731.23582pt
* \oddsidemargin=-15.36449pt
* \evensidemargin=-15.36449pt
* \topmargin=-52.36449pt
* \headheight=12.0pt
* \headsep=25.0pt
* \topskip=10.0pt
* \footskip=30.0pt
* \marginparwidth=65.0pt
* \marginparsep=11.0pt
* \columnsep=10.0pt
* \skip\footins=9.0pt plus 4.0pt minus 2.0pt
* \hoffset=0.0pt
* \voffset=0.0pt
* \mag=1000
* \@twocolumnfalse
* \@twosidefalse
* \@mparswitchfalse
* \@reversemarginfalse
* (1in=72.27pt=25.4mm, 1cm=28.453pt)

\c@lstlisting=\count120
LaTeX Font Info:    Try loading font information for U+msa on input line 25.
(/usr/local/texlive/2017/texmf-dist/tex/latex/amsfonts/umsa.fd
File: umsa.fd 2013/01/14 v3.01 AMS symbols A
)
LaTeX Font Info:    Try loading font information for U+msb on input line 25.

(/usr/local/texlive/2017/texmf-dist/tex/latex/amsfonts/umsb.fd
File: umsb.fd 2013/01/14 v3.01 AMS symbols B
)
<Fig_UFEMISM.png, id=1, 853.1875pt x 853.1875pt>
File: Fig_UFEMISM.png Graphic file (type png)
<use Fig_UFEMISM.png>
Package pdftex.def Info: Fig_UFEMISM.png  used on input line 29.
(pdftex.def)             Requested size: 386.95894pt x 386.96416pt.
 [1

{/usr/local/texlive/2017/texmf-var/fonts/map/pdftex/updmap/pdftex.map} <./Fig_U
FEMISM.png (PNG copy)>]
No file UFEMISM_documentation.toc.
\tf@toc=\write3
\openout3 = `UFEMISM_documentation.toc'.

[2]
<Fig_howto_01.png, id=15, 929.4725pt x 589.20125pt>
File: Fig_howto_01.png Graphic file (type png)
<use Fig_howto_01.png>
Package pdftex.def Info: Fig_howto_01.png  used on input line 53.
(pdftex.def)             Requested size: 435.32419pt x 275.95364pt.
<Fig_howto_02.png, id=17, 433.62pt x 253.94875pt>
File: Fig_howto_02.png Graphic file (type png)
<use Fig_howto_02.png>
Package pdftex.def Info: Fig_howto_02.png  used on input line 60.
(pdftex.def)             Requested size: 290.22105pt x 169.97427pt.
<Fig_howto_03.png, id=18, 1804.7425pt x 664.4825pt>
File: Fig_howto_03.png Graphic file (type png)
<use Fig_howto_03.png>
Package pdftex.def Info: Fig_howto_03.png  used on input line 67.
(pdftex.def)             Requested size: 459.51051pt x 169.18224pt.
 [1 <./Fig_howto_01.png> <./Fig_howto_02.png>]
<Fig_howto_04.png, id=24, 713.66624pt x 799.98875pt>
File: Fig_howto_04.png Graphic file (type png)
<use Fig_howto_04.png>
Package pdftex.def Info: Fig_howto_04.png  used on input line 74.
(pdftex.def)             Requested size: 338.5863pt x 379.53474pt.
<Fig_howto_05.png, id=25, 714.67pt x 307.1475pt>
File: Fig_howto_05.png Graphic file (type png)
<use Fig_howto_05.png>
Package pdftex.def Info: Fig_howto_05.png  used on input line 81.
(pdftex.def)             Requested size: 338.5863pt x 145.51695pt.
 [2 <./Fig_howto_03.png> <./Fig_howto_04.png>]
Overfull \hbox (57.17995pt too wide) in paragraph at lines 84--85
\OT1/cmr/m/n/10 has been cre-ated by UFEMISM. The ''grid-ded'' out-put files (\
OT1/cmr/m/sc/10 restart[]grid[]ANT.nc \OT1/cmr/m/n/10 and \OT1/cmr/m/sc/10 help
[]fields[]grid[]ANT.nc\OT1/cmr/m/n/10 )
 []

<Fig_howto_06.png, id=31, 281.05pt x 362.35374pt>
File: Fig_howto_06.png Graphic file (type png)
<use Fig_howto_06.png>
Package pdftex.def Info: Fig_howto_06.png  used on input line 88.
(pdftex.def)             Requested size: 193.47577pt x 249.4438pt.
[3 <./Fig_howto_05.png> <./Fig_howto_06.png>]
Underfull \hbox (badness 10000) in paragraph at lines 102--107

 []


Underfull \hbox (badness 10000) in paragraph at lines 102--107

 []

LaTeX Font Info:    Try loading font information for OMS+cmr on input line 114.

(/usr/local/texlive/2017/texmf-dist/tex/latex/base/omscmr.fd
File: omscmr.fd 2014/09/29 v2.5h Standard LaTeX font definitions
)
LaTeX Font Info:    Font shape `OMS/cmr/m/n' in size <10> not available
(Font)              Font shape `OMS/cmsy/m/n' tried instead on input line 114.
 [4]
Underfull \hbox (badness 10000) in paragraph at lines 140--142

 []


Underfull \hbox (badness 10000) in paragraph at lines 142--144

 []

[5] [6]
LaTeX Font Info:    Try loading font information for OML+cmr on input line 207.

 (/usr/local/texlive/2017/texmf-dist/tex/latex/base/omlcmr.fd
File: omlcmr.fd 2014/09/29 v2.5h Standard LaTeX font definitions
)
LaTeX Font Info:    Font shape `OML/cmr/m/n' in size <10> not available
(Font)              Font shape `OML/cmm/m/it' tried instead on input line 207.

Underfull \hbox (badness 10000) in paragraph at lines 231--234

 []


Underfull \hbox (badness 10000) in paragraph at lines 231--234

 []


Overfull \hbox (49.67746pt too wide) in paragraph at lines 239--240
\OT1/cmr/m/n/10 The main ice model of UFEMISM is con-tained in the sub-rou-tine
 \OT1/cmr/m/sc/10 run[]model \OT1/cmr/m/n/10 in the mod-ule \OT1/cmr/m/sc/10 UF
EMISM[]main[]module.f90\OT1/cmr/m/n/10 .
 []

[7]
Underfull \hbox (badness 10000) in paragraph at lines 265--269

 []

<Fig_timestep_UFEMISM.png, id=56, 1418.29875pt x 724.7075pt>
File: Fig_timestep_UFEMISM.png Graphic file (type png)
<use Fig_timestep_UFEMISM.png>
Package pdftex.def Info: Fig_timestep_UFEMISM.png  used on input line 271.
(pdftex.def)             Requested size: 435.32419pt x 222.43431pt.

LaTeX Warning: Reference `eq:SIA_dt' on page 8 undefined on input line 275.


LaTeX Warning: Reference `eq:SSA_dt' on page 8 undefined on input line 275.


Underfull \hbox (badness 10000) in paragraph at lines 275--278

 []

[8 <./Fig_timestep_UFEMISM.png>]
Underfull \hbox (badness 10000) in paragraph at lines 283--286

 []


Underfull \hbox (badness 10000) in paragraph at lines 323--326

 []

[9]
Underfull \hbox (badness 10000) in paragraph at lines 371--375

 []

[10]
Underfull \hbox (badness 10000) in paragraph at lines 397--400

 []


Underfull \hbox (badness 10000) in paragraph at lines 397--400

 []


Underfull \hbox (badness 10000) in paragraph at lines 416--421

 []


Underfull \hbox (badness 10000) in paragraph at lines 416--421

 []


Underfull \hbox (badness 10000) in paragraph at lines 426--435

 []


Underfull \hbox (badness 10000) in paragraph at lines 426--435

 []


Underfull \hbox (badness 10000) in paragraph at lines 426--435

 []


Underfull \hbox (badness 10000) in paragraph at lines 426--435

 []

[11]
Underfull \hbox (badness 10000) in paragraph at lines 438--449

 []


Underfull \hbox (badness 10000) in paragraph at lines 438--449

 []


Underfull \hbox (badness 10000) in paragraph at lines 438--449

 []


Underfull \hbox (badness 10000) in paragraph at lines 438--449

 []


Underfull \hbox (badness 10000) in paragraph at lines 438--449

 []


Underfull \hbox (badness 10000) in paragraph at lines 458--460

 []

<Fig_resources_time.png, id=72, 1355.0625pt x 803.0pt>
File: Fig_resources_time.png Graphic file (type png)
<use Fig_resources_time.png>
Package pdftex.def Info: Fig_resources_time.png  used on input line 470.
(pdftex.def)             Requested size: 435.32419pt x 257.96997pt.

LaTeX Warning: `!h' float specifier changed to `!ht'.


Underfull \hbox (badness 10000) in paragraph at lines 474--477

 []

[12]

LaTeX Warning: File `Fig_resources_memory.png' not found on input line 483.


! Package pdftex.def Error: File `Fig_resources_memory.png' not found: using dr
aft setting.

See the pdftex.def package documentation for explanation.
Type  H <return>  for immediate help.
 ...                                              
                                                  
l.483 ...=0.6\linewidth]{Fig_resources_memory.png}
                                                  
Try typing  <return>  to proceed.
If that doesn't work, type  X <return>  to quit.


LaTeX Warning: `!h' float specifier changed to `!ht'.

[13 <./Fig_resources_time.png (PNG copy)>]
Underfull \hbox (badness 10000) in paragraph at lines 498--501

 []


Underfull \hbox (badness 10000) in paragraph at lines 508--513

 []


Underfull \hbox (badness 10000) in paragraph at lines 508--513

 []

[14]
Underfull \hbox (badness 10000) in paragraph at lines 560--563

 []

[15]
Underfull \hbox (badness 10000) in paragraph at lines 584--589

 []


Underfull \hbox (badness 10000) in paragraph at lines 584--589

 []


Underfull \hbox (badness 10000) in paragraph at lines 596--601

 []


Underfull \hbox (badness 10000) in paragraph at lines 596--601

 []

[16]
Underfull \hbox (badness 10000) in paragraph at lines 606--611

 []


Underfull \hbox (badness 10000) in paragraph at lines 606--611

 []


Underfull \hbox (badness 10000) in paragraph at lines 614--619

 []


Underfull \hbox (badness 10000) in paragraph at lines 614--619

 []

<Fig_fivecolours.png, id=94, 672.5125pt x 521.95pt>
File: Fig_fivecolours.png Graphic file (type png)
<use Fig_fivecolours.png>
Package pdftex.def Info: Fig_fivecolours.png  used on input line 621.
(pdftex.def)             Requested size: 386.95894pt x 300.32599pt.

LaTeX Warning: `!h' float specifier changed to `!ht'.

[17] [18 <./Fig_fivecolours.png>]
Missing character: There is no ‚ in font cmr10!
Missing character: There is no Ä in font cmr10!
Missing character: There is no ú in font cmr10!
Missing character: There is no ‚ in font cmr10!
Missing character: There is no Ä in font cmr10!
Missing character: There is no ù in font cmr10!
Missing character: There is no Ã in font cmr10!
Missing character: There is no Ç in font cmr10!
<Fig_masscontinuity.png, id=103, 156.585pt x 98.2872pt>
File: Fig_masscontinuity.png Graphic file (type png)
<use Fig_masscontinuity.png>
Package pdftex.def Info: Fig_masscontinuity.png  used on input line 677.
(pdftex.def)             Requested size: 145.11052pt x 91.08818pt.

Underfull \hbox (badness 10000) in paragraph at lines 699--702

 []

[19 <./Fig_masscontinuity.png>]
Underfull \hbox (badness 10000) in paragraph at lines 723--726

 []


LaTeX Warning: Reference `eq:zeta' on page 20 undefined on input line 742.

[20]
Missing character: There is no ‚ in font cmr10!
Missing character: There is no Ä in font cmr10!
Missing character: There is no ú in font cmr10!
Missing character: There is no ‚ in font cmr10!
Missing character: There is no Ä in font cmr10!
Missing character: There is no ù in font cmr10!

Underfull \hbox (badness 10000) in paragraph at lines 796--799

 []


Underfull \hbox (badness 10000) in paragraph at lines 812--815

 []

[21]
Underfull \hbox (badness 10000) in paragraph at lines 824--827

 []


Underfull \hbox (badness 10000) in paragraph at lines 824--827

 []


Overfull \hbox (16.05998pt too wide) in paragraph at lines 830--835
\OT1/cmr/m/n/10 The equa-tions de-scribed here are con-tained in the sub-rou-ti
ne \OT1/cmr/m/sc/10 run[]climate[]model[]matrix[]pi[]lgm[]temperature
 []


Underfull \hbox (badness 10000) in paragraph at lines 830--835

 []


Underfull \hbox (badness 10000) in paragraph at lines 830--835

 []


Underfull \hbox (badness 10000) in paragraph at lines 852--855

 []

[22]
Missing character: There is no Ù in font cmr10!
Missing character: There is no è in font cmr10!
Missing character: There is no ∞ in font cmr10!
Missing character: There is no Ä in font cmr10!

Underfull \hbox (badness 10000) in paragraph at lines 880--881

 []


Overfull \hbox (17.65993pt too wide) in paragraph at lines 884--889
\OT1/cmr/m/n/10 The equa-tions de-scribed here are con-tained in the sub-rou-ti
ne \OT1/cmr/m/sc/10 run[]climate[]model[]matrix[]pi[]lgm[]precipitation
 []


Underfull \hbox (badness 10000) in paragraph at lines 884--889

 []


Underfull \hbox (badness 10000) in paragraph at lines 884--889

 []


LaTeX Warning: Reference `eq:matrix_wice_precip' on page 23 undefined on input 
line 895.


Underfull \hbox (badness 10000) in paragraph at lines 895--898

 []


Underfull \hbox (badness 10000) in paragraph at lines 903--906

 []

[23]
Missing character: There is no Ù in font cmr10!
Missing character: There is no è in font cmr10!
Missing character: There is no ∞ in font cmr10!
Missing character: There is no Å in font cmr10!
Missing character: There is no Ù in font cmr10!
Missing character: There is no è in font cmr10!
Missing character: There is no ∞ in font cmr10!
Missing character: There is no Ç in font cmr10!
 [24]
<Fig_climate_ERA40.png, id=125, 1590.94376pt x 351.3125pt>
File: Fig_climate_ERA40.png Graphic file (type png)
<use Fig_climate_ERA40.png>
Package pdftex.def Info: Fig_climate_ERA40.png  used on input line 939.
(pdftex.def)             Requested size: 459.51051pt x 101.46524pt.
<Fig_climate_GCM_PI.png, id=126, 1590.94376pt x 351.3125pt>
File: Fig_climate_GCM_PI.png Graphic file (type png)
<use Fig_climate_GCM_PI.png>
Package pdftex.def Info: Fig_climate_GCM_PI.png  used on input line 944.
(pdftex.def)             Requested size: 459.51051pt x 101.46524pt.
<Fig_climate_GCM_LGM.png, id=127, 1590.94376pt x 351.3125pt>
File: Fig_climate_GCM_LGM.png Graphic file (type png)
<use Fig_climate_GCM_LGM.png>
Package pdftex.def Info: Fig_climate_GCM_LGM.png  used on input line 949.
(pdftex.def)             Requested size: 459.51051pt x 101.46524pt.
 [25 <./Fig_climate_ERA40.png (PNG copy)> <./Fig_climate_GCM_PI.png (PNG copy)>
 <./Fig_climate_GCM_LGM.png (PNG copy)>] [26]
Underfull \hbox (badness 10000) in paragraph at lines 995--998

 []


Underfull \hbox (badness 10000) in paragraph at lines 1001--1004

 []


Underfull \hbox (badness 10000) in paragraph at lines 1041--1044

 []

[27]
Underfull \hbox (badness 10000) in paragraph at lines 1051--1056

 []


Underfull \hbox (badness 10000) in paragraph at lines 1051--1056

 []


Underfull \hbox (badness 10000) in paragraph at lines 1062--1063

 []

[28]
Underfull \hbox (badness 10000) in paragraph at lines 1094--1097

 []

[29]

LaTeX Warning: Reference `fig:dummymesh' on page 30 undefined on input line 111
0.

<Fig_dummymesh_02.png, id=144, 406.51875pt x 408.52625pt>
File: Fig_dummymesh_02.png Graphic file (type png)
<use Fig_dummymesh_02.png>
Package pdftex.def Info: Fig_dummymesh_02.png  used on input line 1113.
(pdftex.def)             Requested size: 145.11052pt x 145.82262pt.

LaTeX Warning: Reference `fig:VoronoiDelaunay' on page 30 undefined on input li
ne 1122.

<Fig_VoronoiDelaunay_01.png, id=145, 690.58pt x 700.6175pt>
File: Fig_VoronoiDelaunay_01.png Graphic file (type png)
<use Fig_VoronoiDelaunay_01.png>
Package pdftex.def Info: Fig_VoronoiDelaunay_01.png  used on input line 1127.
(pdftex.def)             Requested size: 120.92421pt x 122.67404pt.
<Fig_VoronoiDelaunay_02.png, id=146, 692.5875pt x 699.61375pt>
File: Fig_VoronoiDelaunay_02.png Graphic file (type png)
<use Fig_VoronoiDelaunay_02.png>
Package pdftex.def Info: Fig_VoronoiDelaunay_02.png  used on input line 1131.
(pdftex.def)             Requested size: 120.92421pt x 122.14601pt.
<Fig_VoronoiDelaunay_03.png, id=147, 691.58376pt x 699.61375pt>
File: Fig_VoronoiDelaunay_03.png Graphic file (type png)
<use Fig_VoronoiDelaunay_03.png>
Package pdftex.def Info: Fig_VoronoiDelaunay_03.png  used on input line 1135.
(pdftex.def)             Requested size: 120.92421pt x 122.32748pt.

LaTeX Warning: `!h' float specifier changed to `!ht'.


LaTeX Warning: Reference `fig:Delaunayflip' on page 30 undefined on input line 
1150.


Underfull \hbox (badness 10000) in paragraph at lines 1148--1151

 []

<Fig_Delaunayflip_01.png, id=148, 484.81125pt x 545.03625pt>
File: Fig_Delaunayflip_01.png Graphic file (type png)
<use Fig_Delaunayflip_01.png>
Package pdftex.def Info: Fig_Delaunayflip_01.png  used on input line 1155.
(pdftex.def)             Requested size: 193.47577pt x 217.51164pt.
<Fig_Delaunayflip_02.png, id=149, 485.815pt x 546.04pt>
File: Fig_Delaunayflip_02.png Graphic file (type png)
<use Fig_Delaunayflip_02.png>
Package pdftex.def Info: Fig_Delaunayflip_02.png  used on input line 1159.
(pdftex.def)             Requested size: 193.47577pt x 217.45396pt.
[30 <./Fig_dummymesh_02.png>] [31 <./Fig_VoronoiDelaunay_01.png> <./Fig_Voronoi
Delaunay_02.png> <./Fig_VoronoiDelaunay_03.png> <./Fig_Delaunayflip_01.png> <./
Fig_Delaunayflip_02.png>]
Underfull \hbox (badness 10000) in paragraph at lines 1168--1171

 []


LaTeX Warning: Reference `fig:meshdata_02' on page 32 undefined on input line 1
217.

<Fig_meshdata_02.png, id=164, 692.5875pt x 700.6175pt>
File: Fig_meshdata_02.png Graphic file (type png)
<use Fig_meshdata_02.png>
Package pdftex.def Info: Fig_meshdata_02.png  used on input line 1220.
(pdftex.def)             Requested size: 241.84842pt x 244.6532pt.
[32]

LaTeX Warning: Reference `tab:table_vertexdata_01' on page 33 undefined on inpu
t line 1224.


LaTeX Warning: Reference `tab:table_triangledata_01' on page 33 undefined on in
put line 1224.

[33 <./Fig_meshdata_02.png>] [34]
<Fig_staggeredmesh.png, id=175, 649.42625pt x 654.445pt>
File: Fig_staggeredmesh.png Graphic file (type png)
<use Fig_staggeredmesh.png>
Package pdftex.def Info: Fig_staggeredmesh.png  used on input line 1280.
(pdftex.def)             Requested size: 241.84842pt x 243.70866pt.


LaTeX Warning: Reference `fig:staggeredmesh' on page 35 undefined on input line
 1323.


Underfull \hbox (badness 10000) in paragraph at lines 1321--1324

 []

[35 <./Fig_staggeredmesh.png>]
<Fig_AaAcMesh.png, id=181, 588.1975pt x 595.22375pt>
File: Fig_AaAcMesh.png Graphic file (type png)
<use Fig_AaAcMesh.png>
Package pdftex.def Info: Fig_AaAcMesh.png  used on input line 1326.
(pdftex.def)             Requested size: 241.84842pt x 244.73358pt.
 [36 <./Fig_AaAcMesh.png>]

LaTeX Warning: Reference `fig:split_triangle' on page 37 undefined on input lin
e 1348.


Underfull \hbox (badness 10000) in paragraph at lines 1346--1349

 []

<Fig_split_triangle_01.png, id=186, 692.5875pt x 700.6175pt>
File: Fig_split_triangle_01.png Graphic file (type png)
<use Fig_split_triangle_01.png>
Package pdftex.def Info: Fig_split_triangle_01.png  used on input line 1353.
(pdftex.def)             Requested size: 193.47577pt x 195.71187pt.
<Fig_split_triangle_02.png, id=187, 692.5875pt x 700.6175pt>
File: Fig_split_triangle_02.png Graphic file (type png)
<use Fig_split_triangle_02.png>
Package pdftex.def Info: Fig_split_triangle_02.png  used on input line 1357.
(pdftex.def)             Requested size: 193.47577pt x 195.71187pt.
<Fig_split_triangle_03.png, id=188, 692.5875pt x 700.6175pt>
File: Fig_split_triangle_03.png Graphic file (type png)
<use Fig_split_triangle_03.png>
Package pdftex.def Info: Fig_split_triangle_03.png  used on input line 1361.
(pdftex.def)             Requested size: 193.47577pt x 195.71187pt.
<Fig_split_triangle_04.png, id=189, 691.58376pt x 699.61375pt>
File: Fig_split_triangle_04.png Graphic file (type png)
<use Fig_split_triangle_04.png>
Package pdftex.def Info: Fig_split_triangle_04.png  used on input line 1365.
(pdftex.def)             Requested size: 193.47577pt x 195.71971pt.
[37 <./Fig_split_triangle_01.png> <./Fig_split_triangle_02.png> <./Fig_split_tr
iangle_03.png> <./Fig_split_triangle_04.png>]
Overfull \hbox (40.70392pt too wide) in paragraph at lines 1376--1387
 [] 
 []

<Fig_mesh_step_01.png, id=197, 676.5275pt x 683.55376pt>
File: Fig_mesh_step_01.png Graphic file (type png)
<use Fig_mesh_step_01.png>
Package pdftex.def Info: Fig_mesh_step_01.png  used on input line 1395.
(pdftex.def)             Requested size: 145.11052pt x 146.61699pt.
<Fig_mesh_step_02.png, id=198, 678.535pt x 683.55376pt>
File: Fig_mesh_step_02.png Graphic file (type png)
<use Fig_mesh_step_02.png>
Package pdftex.def Info: Fig_mesh_step_02.png  used on input line 1399.
(pdftex.def)             Requested size: 145.11052pt x 146.17892pt.
<Fig_mesh_step_03.png, id=199, 678.535pt x 673.51625pt>
File: Fig_mesh_step_03.png Graphic file (type png)
<use Fig_mesh_step_03.png>
Package pdftex.def Info: Fig_mesh_step_03.png  used on input line 1403.
(pdftex.def)             Requested size: 145.11052pt x 144.0324pt.
<Fig_mesh_step_04.png, id=200, 679.53876pt x 686.565pt>
File: Fig_mesh_step_04.png Graphic file (type png)
<use Fig_mesh_step_04.png>
Package pdftex.def Info: Fig_mesh_step_04.png  used on input line 1407.
(pdftex.def)             Requested size: 145.11052pt x 146.60289pt.
<Fig_mesh_step_05.png, id=201, 676.5275pt x 684.5575pt>
File: Fig_mesh_step_05.png Graphic file (type png)
<use Fig_mesh_step_05.png>
Package pdftex.def Info: Fig_mesh_step_05.png  used on input line 1411.
(pdftex.def)             Requested size: 145.11052pt x 146.83229pt.
[38 <./Fig_mesh_step_01.png> <./Fig_mesh_step_02.png> <./Fig_mesh_step_03.png> 
<./Fig_mesh_step_04.png> <./Fig_mesh_step_05.png>]
<Fig_mesh_Lloyd_01.png, id=210, 675.52374pt x 683.55376pt>
File: Fig_mesh_Lloyd_01.png Graphic file (type png)
<use Fig_mesh_Lloyd_01.png>
Package pdftex.def Info: Fig_mesh_Lloyd_01.png  used on input line 1458.
(pdftex.def)             Requested size: 145.11052pt x 146.83603pt.
<Fig_mesh_Lloyd_02.png, id=211, 675.52374pt x 685.56125pt>
File: Fig_mesh_Lloyd_02.png Graphic file (type png)
<use Fig_mesh_Lloyd_02.png>
Package pdftex.def Info: Fig_mesh_Lloyd_02.png  used on input line 1462.
(pdftex.def)             Requested size: 145.11052pt x 147.26726pt.
 [39 <./Fig_mesh_Lloyd_01.png> <./Fig_mesh_Lloyd_02.png>]
<Fig_submesh1.png, id=217, 175.65625pt x 552.0625pt>
File: Fig_submesh1.png Graphic file (type png)
<use Fig_submesh1.png>
Package pdftex.def Info: Fig_submesh1.png  used on input line 1478.
(pdftex.def)             Requested size: 72.55156pt x 228.02342pt.
<Fig_submesh2.png, id=218, 175.65625pt x 552.0625pt>
File: Fig_submesh2.png Graphic file (type png)
<use Fig_submesh2.png>
Package pdftex.def Info: Fig_submesh2.png  used on input line 1482.
(pdftex.def)             Requested size: 72.55156pt x 228.02342pt.
<Fig_submesh3.png, id=219, 175.65625pt x 552.0625pt>
File: Fig_submesh3.png Graphic file (type png)
<use Fig_submesh3.png>
Package pdftex.def Info: Fig_submesh3.png  used on input line 1486.
(pdftex.def)             Requested size: 72.55156pt x 228.02342pt.
<Fig_submesh4.png, id=220, 175.65625pt x 552.0625pt>
File: Fig_submesh4.png Graphic file (type png)
<use Fig_submesh4.png>
Package pdftex.def Info: Fig_submesh4.png  used on input line 1490.
(pdftex.def)             Requested size: 72.55156pt x 228.02342pt.
<Fig_mesh_align_01.png, id=221, 706.64pt x 650.43pt>
File: Fig_mesh_align_01.png Graphic file (type png)
<use Fig_mesh_align_01.png>
Package pdftex.def Info: Fig_mesh_align_01.png  used on input line 1501.
(pdftex.def)             Requested size: 145.11052pt x 133.56728pt.
<Fig_mesh_align_02.png, id=222, 707.64375pt x 650.43pt>
File: Fig_mesh_align_02.png Graphic file (type png)
<use Fig_mesh_align_02.png>
Package pdftex.def Info: Fig_mesh_align_02.png  used on input line 1505.
(pdftex.def)             Requested size: 145.11052pt x 133.36877pt.
<Fig_mesh_align_03.png, id=223, 703.62875pt x 650.43pt>
File: Fig_mesh_align_03.png Graphic file (type png)
<use Fig_mesh_align_03.png>
Package pdftex.def Info: Fig_mesh_align_03.png  used on input line 1509.
(pdftex.def)             Requested size: 145.11052pt x 134.13298pt.
<Fig_mesh_merge_01.png, id=224, 885.3075pt x 817.0525pt>
File: Fig_mesh_merge_01.png Graphic file (type png)
<use Fig_mesh_merge_01.png>
Package pdftex.def Info: Fig_mesh_merge_01.png  used on input line 1520.
(pdftex.def)             Requested size: 96.73788pt x 89.27762pt.
<Fig_mesh_merge_02.png, id=225, 887.315pt x 818.05624pt>
File: Fig_mesh_merge_02.png Graphic file (type png)
<use Fig_mesh_merge_02.png>
Package pdftex.def Info: Fig_mesh_merge_02.png  used on input line 1524.
(pdftex.def)             Requested size: 96.73788pt x 89.1751pt.
<Fig_mesh_merge_03.png, id=226, 884.30376pt x 818.05624pt>
File: Fig_mesh_merge_03.png Graphic file (type png)
<use Fig_mesh_merge_03.png>
Package pdftex.def Info: Fig_mesh_merge_03.png  used on input line 1528.
(pdftex.def)             Requested size: 96.73788pt x 89.48715pt.
<Fig_mesh_merge_04.png, id=227, 887.315pt x 819.06pt>
File: Fig_mesh_merge_04.png Graphic file (type png)
<use Fig_mesh_merge_04.png>
Package pdftex.def Info: Fig_mesh_merge_04.png  used on input line 1532.
(pdftex.def)             Requested size: 96.73788pt x 89.28452pt.
 [40 <./Fig_submesh1.png (PNG copy)> <./Fig_submesh2.png (PNG copy)> <./Fig_sub
mesh3.png (PNG copy)> <./Fig_submesh4.png (PNG copy)> <./Fig_mesh_align_01.png>
 <./Fig_mesh_align_02.png> <./Fig_mesh_align_03.png>]
Underfull \hbox (badness 10000) in paragraph at lines 1538--1541

 []

[41 <./Fig_mesh_merge_01.png> <./Fig_mesh_merge_02.png> <./Fig_mesh_merge_03.pn
g> <./Fig_mesh_merge_04.png>]
<Fig_mesh_disc_01.png, id=242, 629.35126pt x 517.935pt>
File: Fig_mesh_disc_01.png Graphic file (type png)
<use Fig_mesh_disc_01.png>
Package pdftex.def Info: Fig_mesh_disc_01.png  used on input line 1551.
(pdftex.def)             Requested size: 145.11052pt x 119.41495pt.


LaTeX Warning: Reference `fig:mesh_disc_01' on page 42 undefined on input line 
1555.


LaTeX Warning: Reference `fig:mesh_disc_01' on page 42 undefined on input line 
1555.


Underfull \hbox (badness 10000) in paragraph at lines 1565--1568

 []


LaTeX Warning: Reference `eq:disc_normvec' on page 42 undefined on input line 1
579.


LaTeX Warning: Reference `eq:disc_fxtri2' on page 42 undefined on input line 15
79.


Underfull \hbox (badness 10000) in paragraph at lines 1579--1582

 []


LaTeX Warning: Reference `eq:disc_fxi' on page 42 undefined on input line 1597.


[42 <./Fig_mesh_disc_01.png>]

LaTeX Warning: Reference `eq:disc_fxi2' on page 43 undefined on input line 1615
.

Missing character: There is no ‚ in font cmr10!
Missing character: There is no Ä in font cmr10!
Missing character: There is no ú in font cmr10!
Missing character: There is no ‚ in font cmr10!
Missing character: There is no Ä in font cmr10!
Missing character: There is no ù in font cmr10!
Missing character: There is no ‚ in font cmr10!
Missing character: There is no Ä in font cmr10!
Missing character: There is no ú in font cmr10!
Missing character: There is no ‚ in font cmr10!
Missing character: There is no Ä in font cmr10!
Missing character: There is no ù in font cmr10!
<Fig_mesh_disc_02.png, id=247, 629.35126pt x 518.93875pt>
File: Fig_mesh_disc_02.png Graphic file (type png)
<use Fig_mesh_disc_02.png>
Package pdftex.def Info: Fig_mesh_disc_02.png  used on input line 1626.
(pdftex.def)             Requested size: 145.11052pt x 119.64638pt.

LaTeX Warning: Reference `eq:disc_fxi3' on page 43 undefined on input line 1636
.

[43 <./Fig_mesh_disc_02.png>]

LaTeX Warning: Reference `eq:disc_fxxsub' on page 44 undefined on input line 16
67.


LaTeX Warning: Reference `eq:disc_fxtri2' on page 44 undefined on input line 16
76.


LaTeX Warning: Reference `eq:disc_fxi3' on page 44 undefined on input line 1676
.


LaTeX Warning: Reference `eq:disc_fxxsub2' on page 44 undefined on input line 1
676.

Missing character: There is no ‚ in font cmr10!
Missing character: There is no Ä in font cmr10!
Missing character: There is no ì in font cmr10!
[44]

LaTeX Warning: Reference `eq:disc_fxxi' on page 45 undefined on input line 1728
.


LaTeX Warning: Reference `eq:disc_Nxxi' on page 45 undefined on input line 1734
.


LaTeX Warning: Reference `eq:disc_fxsp1' on page 45 undefined on input line 173
4.


LaTeX Warning: Reference `eq:disc_fxsp2' on page 45 undefined on input line 173
4.


LaTeX Warning: Reference `eq:disc_Nxxs_sum' on page 45 undefined on input line 
1734.


LaTeX Warning: Reference `eq:disc_fxxi' on page 45 undefined on input line 1734
.


LaTeX Warning: Reference `eq:disc_fxi3' on page 45 undefined on input line 1745
.

[45]

LaTeX Warning: Reference `eq:disc_fxi3' on page 46 undefined on input line 1767
.

<Fig_staggeredvertex.png, id=258, 376.40625pt x 320.19624pt>
File: Fig_staggeredvertex.png Graphic file (type png)
<use Fig_staggeredvertex.png>
Package pdftex.def Info: Fig_staggeredvertex.png  used on input line 1770.
(pdftex.def)             Requested size: 145.11052pt x 123.44449pt.

LaTeX Warning: Reference `fig:mesh_staggeredvertex' on page 46 undefined on inp
ut line 1774.

[46 <./Fig_staggeredvertex.png>]
Underfull \hbox (badness 10000) in paragraph at lines 1813--1816

 []

[47] [48]

LaTeX Warning: Reference `fig:disc_conv_maps' on page 49 undefined on input lin
e 1916.


Underfull \hbox (badness 10000) in paragraph at lines 1914--1917

 []


Overfull \hbox (11.22064pt too wide) in paragraph at lines 1914--1917
\OT1/cmr/m/n/10 We in-ves-ti-gated the con-ver-gence be-haviour of both the ave
raged-gradients dis-creti-sa-tion scheme used in UFEMISM,
 []

<Fig_discretisation_convergence_maps.png, id=271, 466.3824pt x 158.5122pt>
File: Fig_discretisation_convergence_maps.png Graphic file (type png)
<use Fig_discretisation_convergence_maps.png>
Package pdftex.def Info: Fig_discretisation_convergence_maps.png  used on input
 line 1919.
(pdftex.def)             Requested size: 435.32419pt x 147.9566pt.

LaTeX Warning: Reference `fig:disc_conv_order' on page 49 undefined on input li
ne 1923.


LaTeX Warning: Reference `fig:disc_conv_maps' on page 49 undefined on input lin
e 1923.

<Fig_discretisation_convergence_order.png, id=272, 502.5174pt x 130.086pt>
File: Fig_discretisation_convergence_order.png Graphic file (type png)
<use Fig_discretisation_convergence_order.png>
Package pdftex.def Info: Fig_discretisation_convergence_order.png  used on inpu
t line 1926.
(pdftex.def)             Requested size: 435.32419pt x 112.69353pt.
[49 <./Fig_discretisation_convergence_maps.png> <./Fig_discretisation_convergen
ce_order.png>]
Underfull \hbox (badness 10000) in paragraph at lines 1934--1937

 []


Underfull \hbox (badness 10000) in paragraph at lines 1940--1943

 []


LaTeX Warning: Reference `eq:remap_sumint' on page 50 undefined on input line 1
950.


LaTeX Warning: Reference `eq:remap_Taylor' on page 50 undefined on input line 1
956.


LaTeX Warning: Reference `eq:remap_sumint' on page 50 undefined on input line 1
956.

[50]

LaTeX Warning: Reference `eq:remap_sumint2' on page 51 undefined on input line 
1975.


Underfull \hbox (badness 10000) in paragraph at lines 1992--1995

 []


Underfull \hbox (badness 10000) in paragraph at lines 1992--1995

 []

[51]

LaTeX Warning: Reference `eq:remap_weights' on page 52 undefined on input line 
2039.


LaTeX Warning: Reference `eq:remap_weights' on page 52 undefined on input line 
2039.


LaTeX Warning: Reference `fig:remapping' on page 52 undefined on input line 204
1.


Underfull \hbox (badness 10000) in paragraph at lines 2036--2042

 []


Underfull \hbox (badness 10000) in paragraph at lines 2036--2042

 []

<Fig_remapping.png, id=284, 1365.1pt x 923.45pt>
File: Fig_remapping.png Graphic file (type png)
<use Fig_remapping.png>
Package pdftex.def Info: Fig_remapping.png  used on input line 2044.
(pdftex.def)             Requested size: 435.32419pt x 294.48141pt.

LaTeX Warning: Reference `eq:remap_lineints' on page 52 undefined on input line
 2048.


LaTeX Warning: Reference `fig:remapping' on page 52 undefined on input line 204
8.

[52 <./Fig_remapping.png (PNG copy)>]
Underfull \hbox (badness 10000) in paragraph at lines 2053--2053
[]|\OT1/cmr/m/n/10 Left-hand
 []


Underfull \hbox (badness 10000) in paragraph at lines 2053--2053
\OT1/cmr/m/n/10 source
 []


Underfull \hbox (badness 10000) in paragraph at lines 2053--2053
[]|\OT1/cmr/m/n/10 Right-hand
 []


Underfull \hbox (badness 10000) in paragraph at lines 2053--2053
\OT1/cmr/m/n/10 source
 []


Underfull \hbox (badness 10000) in paragraph at lines 2053--2053
[]|\OT1/cmr/m/n/10 Left-hand
 []


Underfull \hbox (badness 10000) in paragraph at lines 2053--2053
\OT1/cmr/m/n/10 des-ti-na-tion
 []


Underfull \hbox (badness 10000) in paragraph at lines 2053--2053
[]|\OT1/cmr/m/n/10 Right-hand
 []


Underfull \hbox (badness 10000) in paragraph at lines 2053--2053
\OT1/cmr/m/n/10 des-ti-na-tion
 []

Missing character: There is no ‚ in font cmr10!
Missing character: There is no Ä in font cmr10!
Missing character: There is no ì in font cmr10!
Missing character: There is no ‚ in font cmr10!
Missing character: There is no Ä in font cmr10!
Missing character: There is no ô in font cmr10!

Underfull \hbox (badness 10000) in paragraph at lines 2062--2068

 []


Underfull \hbox (badness 10000) in paragraph at lines 2062--2068

 []


Overfull \hbox (8.30817pt too wide) in paragraph at lines 2078--2079
[][][][][][][][][][][][][][][][] 
 []


Overfull \hbox (8.30817pt too wide) in paragraph at lines 2080--2082
[][][][][][][][][][][][][][][][] 
 []


Overfull \hbox (8.30817pt too wide) in paragraph at lines 2096--2098
[][][][][][][][][][][][][][][][] 
 []

[53]
Underfull \hbox (badness 10000) in paragraph at lines 2104--2108

 []


LaTeX Warning: Reference `fig:remapping' on page 54 undefined on input line 211
0.


LaTeX Warning: Reference `eq:remap_weights' on page 54 undefined on input line 
2111.


LaTeX Warning: Reference `eq:remap_weights' on page 54 undefined on input line 
2115.

[54]
Underfull \hbox (badness 10000) in paragraph at lines 2123--2132

 []


Underfull \hbox (badness 10000) in paragraph at lines 2123--2132

 []


Underfull \hbox (badness 10000) in paragraph at lines 2123--2132

 []


Underfull \hbox (badness 10000) in paragraph at lines 2123--2132

 []

[55]
Missing character: There is no √ in font cmr10!
Missing character: There is no ´ in font cmr10!
Missing character: There is no ‚ in font cmr10!
Missing character: There is no Ä in font cmr10!
Missing character: There is no ì in font cmr10!
Missing character: There is no ‚ in font cmr10!
Missing character: There is no Ä in font cmr10!
Missing character: There is no ì in font cmr10!
Missing character: There is no ‚ in font cmr10!
Missing character: There is no Ä in font cmr10!
Missing character: There is no ì in font cmr10!

Underfull \hbox (badness 10000) in paragraph at lines 2137--2203

 []


Underfull \hbox (badness 10000) in paragraph at lines 2137--2203

 []


Underfull \hbox (badness 10000) in paragraph at lines 2137--2203

 []


Underfull \hbox (badness 10000) in paragraph at lines 2137--2203

 []


Underfull \hbox (badness 10000) in paragraph at lines 2137--2203

 []


Underfull \hbox (badness 10000) in paragraph at lines 2137--2203

 []


Underfull \hbox (badness 10000) in paragraph at lines 2137--2203

 []


Underfull \hbox (badness 10000) in paragraph at lines 2137--2203

 []


Underfull \hbox (badness 10000) in paragraph at lines 2137--2203

 []


Underfull \hbox (badness 10000) in paragraph at lines 2137--2203

 []


Underfull \hbox (badness 10000) in paragraph at lines 2137--2203

 []


Underfull \hbox (badness 10000) in paragraph at lines 2137--2203

 []


Underfull \hbox (badness 10000) in paragraph at lines 2137--2203

 []


Underfull \hbox (badness 10000) in paragraph at lines 2137--2203

 []


Underfull \hbox (badness 10000) in paragraph at lines 2137--2203

 []


Underfull \hbox (badness 10000) in paragraph at lines 2137--2203

 []


Underfull \hbox (badness 10000) in paragraph at lines 2137--2203

 []


Overfull \hbox (17.41515pt too wide) in paragraph at lines 2137--2203
\OT1/cmr/m/n/10 Ohmura, A.: Pre-cip-i-ta-tion, ac-cu-mu-la-tion and mass bal-an
ce of the Green-land ice sheet, Zeitschrift fur Gletscherkunde
 []


Underfull \hbox (badness 10000) in paragraph at lines 2137--2203

 []


Underfull \hbox (badness 10000) in paragraph at lines 2137--2203

 []


Underfull \hbox (badness 10000) in paragraph at lines 2137--2203

 []


Underfull \hbox (badness 10000) in paragraph at lines 2137--2203

 []


Underfull \hbox (badness 10000) in paragraph at lines 2137--2203

 []


Underfull \hbox (badness 10000) in paragraph at lines 2137--2203

 []


Underfull \hbox (badness 10000) in paragraph at lines 2137--2203

 []


Underfull \hbox (badness 10000) in paragraph at lines 2137--2203

 []


Underfull \hbox (badness 10000) in paragraph at lines 2137--2203

 []


Underfull \hbox (badness 10000) in paragraph at lines 2137--2203

 []


Underfull \hbox (badness 10000) in paragraph at lines 2137--2203

 []


Underfull \hbox (badness 10000) in paragraph at lines 2137--2203

 []


Underfull \hbox (badness 10000) in paragraph at lines 2137--2203

 []


Underfull \hbox (badness 10000) in paragraph at lines 2137--2203

 []


Underfull \hbox (badness 10000) in paragraph at lines 2137--2203

 []


Underfull \hbox (badness 10000) in paragraph at lines 2137--2203

 []

[56] [57] (./UFEMISM_documentation.aux)

LaTeX Warning: There were undefined references.


LaTeX Warning: Label(s) may have changed. Rerun to get cross-references right.

 ) 
Here is how much of TeX's memory you used:
 5653 strings out of 492982
 86358 string characters out of 6132527
 171478 words of memory out of 5000000
 9086 multiletter control sequences out of 15000+600000
 13236 words of font info for 51 fonts, out of 8000000 for 9000
 1141 hyphenation exceptions out of 8191
 42i,21n,40p,1501b,1387s stack positions out of 5000i,500n,10000p,200000b,80000s
</usr/local/texlive/2017/texmf-dist/fonts/type1/public/amsfonts/cm/cmbx10.pfb
></usr/local/texlive/2017/texmf-dist/fonts/type1/public/amsfonts/cm/cmbx12.pfb>
</usr/local/texlive/2017/texmf-dist/fonts/type1/public/amsfonts/cm/cmbx7.pfb></
usr/local/texlive/2017/texmf-dist/fonts/type1/public/amsfonts/cm/cmcsc10.pfb></
usr/local/texlive/2017/texmf-dist/fonts/type1/public/amsfonts/cm/cmex10.pfb></u
sr/local/texlive/2017/texmf-dist/fonts/type1/public/amsfonts/cmextra/cmex7.pfb>
</usr/local/texlive/2017/texmf-dist/fonts/type1/public/amsfonts/cm/cmmi10.pfb><
/usr/local/texlive/2017/texmf-dist/fonts/type1/public/amsfonts/cm/cmmi5.pfb></u
sr/local/texlive/2017/texmf-dist/fonts/type1/public/amsfonts/cm/cmmi7.pfb></usr
/local/texlive/2017/texmf-dist/fonts/type1/public/amsfonts/cm/cmr10.pfb></usr/l
ocal/texlive/2017/texmf-dist/fonts/type1/public/amsfonts/cm/cmr12.pfb></usr/loc
al/texlive/2017/texmf-dist/fonts/type1/public/amsfonts/cm/cmr17.pfb></usr/local
/texlive/2017/texmf-dist/fonts/type1/public/amsfonts/cm/cmr5.pfb></usr/local/te
xlive/2017/texmf-dist/fonts/type1/public/amsfonts/cm/cmr7.pfb></usr/local/texli
ve/2017/texmf-dist/fonts/type1/public/amsfonts/cm/cmr9.pfb></usr/local/texlive/
2017/texmf-dist/fonts/type1/public/amsfonts/cm/cmsy10.pfb></usr/local/texlive/2
017/texmf-dist/fonts/type1/public/amsfonts/cm/cmsy5.pfb></usr/local/texlive/201
7/texmf-dist/fonts/type1/public/amsfonts/cm/cmsy7.pfb></usr/local/texlive/2017/
texmf-dist/fonts/type1/public/amsfonts/cm/cmti10.pfb></usr/local/texlive/2017/t
exmf-dist/fonts/type1/public/amsfonts/cm/cmtt10.pfb></usr/local/texlive/2017/te
xmf-dist/fonts/type1/public/amsfonts/symbols/msbm10.pfb>
Output written on UFEMISM_documentation.pdf (59 pages, 4528374 bytes).
PDF statistics:
 372 PDF objects out of 1000 (max. 8388607)
 196 compressed objects within 2 object streams
 0 named destinations out of 1000 (max. 500000)
 256 words of extra memory for PDF output out of 10000 (max. 10000000)

