This is pdfTeX, Version 3.14159265-2.6-1.40.18 (TeX Live 2017) (preloaded format=pdflatex 2018.2.19)  21 FEB 2021 16:50
entering extended mode
 restricted \write18 enabled.
 %&-line parsing enabled.
**UFEMISM_docu_full.tex
(./UFEMISM_docu_full.tex
LaTeX2e <2017-04-15>
Babel <3.18> and hyphenation patterns for 84 language(s) loaded.
(/usr/local/texlive/2017/texmf-dist/tex/latex/base/article.cls
Document Class: article 2014/09/29 v1.4h Standard LaTeX document class
(/usr/local/texlive/2017/texmf-dist/tex/latex/base/size10.clo
File: size10.clo 2014/09/29 v1.4h Standard LaTeX file (size option)
)
\c@part=\count79
\c@section=\count80
\c@subsection=\count81
\c@subsubsection=\count82
\c@paragraph=\count83
\c@subparagraph=\count84
\c@figure=\count85
\c@table=\count86
\abovecaptionskip=\skip41
\belowcaptionskip=\skip42
\bibindent=\dimen102
)
(/usr/local/texlive/2017/texmf-dist/tex/latex/graphics/graphicx.sty
Package: graphicx 2017/06/01 v1.1a Enhanced LaTeX Graphics (DPC,SPQR)

(/usr/local/texlive/2017/texmf-dist/tex/latex/graphics/keyval.sty
Package: keyval 2014/10/28 v1.15 key=value parser (DPC)
\KV@toks@=\toks14
)
(/usr/local/texlive/2017/texmf-dist/tex/latex/graphics/graphics.sty
Package: graphics 2017/06/25 v1.2c Standard LaTeX Graphics (DPC,SPQR)

(/usr/local/texlive/2017/texmf-dist/tex/latex/graphics/trig.sty
Package: trig 2016/01/03 v1.10 sin cos tan (DPC)
)
(/usr/local/texlive/2017/texmf-dist/tex/latex/graphics-cfg/graphics.cfg
File: graphics.cfg 2016/06/04 v1.11 sample graphics configuration
)
Package graphics Info: Driver file: pdftex.def on input line 99.

(/usr/local/texlive/2017/texmf-dist/tex/latex/graphics-def/pdftex.def
File: pdftex.def 2018/01/08 v1.0l Graphics/color driver for pdftex
))
\Gin@req@height=\dimen103
\Gin@req@width=\dimen104
)
(/usr/local/texlive/2017/texmf-dist/tex/latex/amsfonts/amssymb.sty
Package: amssymb 2013/01/14 v3.01 AMS font symbols

(/usr/local/texlive/2017/texmf-dist/tex/latex/amsfonts/amsfonts.sty
Package: amsfonts 2013/01/14 v3.01 Basic AMSFonts support
\@emptytoks=\toks15
\symAMSa=\mathgroup4
\symAMSb=\mathgroup5
LaTeX Font Info:    Overwriting math alphabet `\mathfrak' in version `bold'
(Font)                  U/euf/m/n --> U/euf/b/n on input line 106.
))
(/usr/local/texlive/2017/texmf-dist/tex/latex/caption/subcaption.sty
Package: subcaption 2016/05/22 v1.1-161 Sub-captions (AR)

(/usr/local/texlive/2017/texmf-dist/tex/latex/caption/caption.sty
Package: caption 2016/02/21 v3.3-144 Customizing captions (AR)

(/usr/local/texlive/2017/texmf-dist/tex/latex/caption/caption3.sty
Package: caption3 2016/05/22 v1.7-166 caption3 kernel (AR)
Package caption3 Info: TeX engine: e-TeX on input line 67.
\captionmargin=\dimen105
\captionmargin@=\dimen106
\captionwidth=\dimen107
\caption@tempdima=\dimen108
\caption@indent=\dimen109
\caption@parindent=\dimen110
\caption@hangindent=\dimen111
)
\c@ContinuedFloat=\count87
)
\c@subfigure=\count88
\c@subtable=\count89
)
(/usr/local/texlive/2017/texmf-dist/tex/latex/float/float.sty
Package: float 2001/11/08 v1.3d Float enhancements (AL)
\c@float@type=\count90
\float@exts=\toks16
\float@box=\box26
\@float@everytoks=\toks17
\@floatcapt=\box27
)
(/usr/local/texlive/2017/texmf-dist/tex/latex/was/gensymb.sty
Package: gensymb 2003/07/02 v1.0 (WaS)
)
(/usr/local/texlive/2017/texmf-dist/tex/latex/amsmath/amsmath.sty
Package: amsmath 2017/09/02 v2.17a AMS math features
\@mathmargin=\skip43

For additional information on amsmath, use the `?' option.
(/usr/local/texlive/2017/texmf-dist/tex/latex/amsmath/amstext.sty
Package: amstext 2000/06/29 v2.01 AMS text

(/usr/local/texlive/2017/texmf-dist/tex/latex/amsmath/amsgen.sty
File: amsgen.sty 1999/11/30 v2.0 generic functions
\@emptytoks=\toks18
\ex@=\dimen112
))
(/usr/local/texlive/2017/texmf-dist/tex/latex/amsmath/amsbsy.sty
Package: amsbsy 1999/11/29 v1.2d Bold Symbols
\pmbraise@=\dimen113
)
(/usr/local/texlive/2017/texmf-dist/tex/latex/amsmath/amsopn.sty
Package: amsopn 2016/03/08 v2.02 operator names
)
\inf@bad=\count91
LaTeX Info: Redefining \frac on input line 213.
\uproot@=\count92
\leftroot@=\count93
LaTeX Info: Redefining \overline on input line 375.
\classnum@=\count94
\DOTSCASE@=\count95
LaTeX Info: Redefining \ldots on input line 472.
LaTeX Info: Redefining \dots on input line 475.
LaTeX Info: Redefining \cdots on input line 596.
\Mathstrutbox@=\box28
\strutbox@=\box29
\big@size=\dimen114
LaTeX Font Info:    Redeclaring font encoding OML on input line 712.
LaTeX Font Info:    Redeclaring font encoding OMS on input line 713.
\macc@depth=\count96
\c@MaxMatrixCols=\count97
\dotsspace@=\muskip10
\c@parentequation=\count98
\dspbrk@lvl=\count99
\tag@help=\toks19
\row@=\count100
\column@=\count101
\maxfields@=\count102
\andhelp@=\toks20
\eqnshift@=\dimen115
\alignsep@=\dimen116
\tagshift@=\dimen117
\tagwidth@=\dimen118
\totwidth@=\dimen119
\lineht@=\dimen120
\@envbody=\toks21
\multlinegap=\skip44
\multlinetaggap=\skip45
\mathdisplay@stack=\toks22
LaTeX Info: Redefining \[ on input line 2817.
LaTeX Info: Redefining \] on input line 2818.
)
(/usr/local/texlive/2017/texmf-dist/tex/latex/tools/array.sty
Package: array 2016/10/06 v2.4d Tabular extension package (FMi)
\col@sep=\dimen121
\extrarowheight=\dimen122
\NC@list=\toks23
\extratabsurround=\skip46
\backup@length=\skip47
)
(/usr/local/texlive/2017/texmf-dist/tex/latex/geometry/geometry.sty
Package: geometry 2010/09/12 v5.6 Page Geometry

(/usr/local/texlive/2017/texmf-dist/tex/generic/oberdiek/ifpdf.sty
Package: ifpdf 2017/03/15 v3.2 Provides the ifpdf switch
)
(/usr/local/texlive/2017/texmf-dist/tex/generic/oberdiek/ifvtex.sty
Package: ifvtex 2016/05/16 v1.6 Detect VTeX and its facilities (HO)
Package ifvtex Info: VTeX not detected.
)
(/usr/local/texlive/2017/texmf-dist/tex/generic/ifxetex/ifxetex.sty
Package: ifxetex 2010/09/12 v0.6 Provides ifxetex conditional
)
\Gm@cnth=\count103
\Gm@cntv=\count104
\c@Gm@tempcnt=\count105
\Gm@bindingoffset=\dimen123
\Gm@wd@mp=\dimen124
\Gm@odd@mp=\dimen125
\Gm@even@mp=\dimen126
\Gm@layoutwidth=\dimen127
\Gm@layoutheight=\dimen128
\Gm@layouthoffset=\dimen129
\Gm@layoutvoffset=\dimen130
\Gm@dimlist=\toks24
)
(/usr/local/texlive/2017/texmf-dist/tex/latex/listings/listings.sty
\lst@mode=\count106
\lst@gtempboxa=\box30
\lst@token=\toks25
\lst@length=\count107
\lst@currlwidth=\dimen131
\lst@column=\count108
\lst@pos=\count109
\lst@lostspace=\dimen132
\lst@width=\dimen133
\lst@newlines=\count110
\lst@lineno=\count111
\lst@maxwidth=\dimen134

(/usr/local/texlive/2017/texmf-dist/tex/latex/listings/lstmisc.sty
File: lstmisc.sty 2015/06/04 1.6 (Carsten Heinz)
\c@lstnumber=\count112
\lst@skipnumbers=\count113
\lst@framebox=\box31
)
(/usr/local/texlive/2017/texmf-dist/tex/latex/listings/listings.cfg
File: listings.cfg 2015/06/04 1.6 listings configuration
))
Package: listings 2015/06/04 1.6 (Carsten Heinz)

(./UFEMISM_docu_full.aux)
\openout1 = `UFEMISM_docu_full.aux'.

LaTeX Font Info:    Checking defaults for OML/cmm/m/it on input line 23.
LaTeX Font Info:    ... okay on input line 23.
LaTeX Font Info:    Checking defaults for T1/cmr/m/n on input line 23.
LaTeX Font Info:    ... okay on input line 23.
LaTeX Font Info:    Checking defaults for OT1/cmr/m/n on input line 23.
LaTeX Font Info:    ... okay on input line 23.
LaTeX Font Info:    Checking defaults for OMS/cmsy/m/n on input line 23.
LaTeX Font Info:    ... okay on input line 23.
LaTeX Font Info:    Checking defaults for OMX/cmex/m/n on input line 23.
LaTeX Font Info:    ... okay on input line 23.
LaTeX Font Info:    Checking defaults for U/cmr/m/n on input line 23.
LaTeX Font Info:    ... okay on input line 23.

(/usr/local/texlive/2017/texmf-dist/tex/context/base/mkii/supp-pdf.mkii
[Loading MPS to PDF converter (version 2006.09.02).]
\scratchcounter=\count114
\scratchdimen=\dimen135
\scratchbox=\box32
\nofMPsegments=\count115
\nofMParguments=\count116
\everyMPshowfont=\toks26
\MPscratchCnt=\count117
\MPscratchDim=\dimen136
\MPnumerator=\count118
\makeMPintoPDFobject=\count119
\everyMPtoPDFconversion=\toks27
) (/usr/local/texlive/2017/texmf-dist/tex/latex/oberdiek/epstopdf-base.sty
Package: epstopdf-base 2016/05/15 v2.6 Base part for package epstopdf

(/usr/local/texlive/2017/texmf-dist/tex/generic/oberdiek/infwarerr.sty
Package: infwarerr 2016/05/16 v1.4 Providing info/warning/error messages (HO)
)
(/usr/local/texlive/2017/texmf-dist/tex/latex/oberdiek/grfext.sty
Package: grfext 2016/05/16 v1.2 Manage graphics extensions (HO)

(/usr/local/texlive/2017/texmf-dist/tex/generic/oberdiek/kvdefinekeys.sty
Package: kvdefinekeys 2016/05/16 v1.4 Define keys (HO)

(/usr/local/texlive/2017/texmf-dist/tex/generic/oberdiek/ltxcmds.sty
Package: ltxcmds 2016/05/16 v1.23 LaTeX kernel commands for general use (HO)
)))
(/usr/local/texlive/2017/texmf-dist/tex/latex/oberdiek/kvoptions.sty
Package: kvoptions 2016/05/16 v3.12 Key value format for package options (HO)

(/usr/local/texlive/2017/texmf-dist/tex/generic/oberdiek/kvsetkeys.sty
Package: kvsetkeys 2016/05/16 v1.17 Key value parser (HO)

(/usr/local/texlive/2017/texmf-dist/tex/generic/oberdiek/etexcmds.sty
Package: etexcmds 2016/05/16 v1.6 Avoid name clashes with e-TeX commands (HO)

(/usr/local/texlive/2017/texmf-dist/tex/generic/oberdiek/ifluatex.sty
Package: ifluatex 2016/05/16 v1.4 Provides the ifluatex switch (HO)
Package ifluatex Info: LuaTeX not detected.
)
Package etexcmds Info: Could not find \expanded.
(etexcmds)             That can mean that you are not using pdfTeX 1.50 or
(etexcmds)             that some package has redefined \expanded.
(etexcmds)             In the latter case, load this package earlier.
)))
(/usr/local/texlive/2017/texmf-dist/tex/generic/oberdiek/pdftexcmds.sty
Package: pdftexcmds 2018/01/21 v0.26 Utility functions of pdfTeX for LuaTeX (HO
)
Package pdftexcmds Info: LuaTeX not detected.
Package pdftexcmds Info: \pdf@primitive is available.
Package pdftexcmds Info: \pdf@ifprimitive is available.
Package pdftexcmds Info: \pdfdraftmode found.
)
Package epstopdf-base Info: Redefining graphics rule for `.eps' on input line 4
38.
Package grfext Info: Graphics extension search list:
(grfext)             [.pdf,.png,.jpg,.mps,.jpeg,.jbig2,.jb2,.PDF,.PNG,.JPG,.JPE
G,.JBIG2,.JB2,.eps]
(grfext)             \AppendGraphicsExtensions on input line 456.

(/usr/local/texlive/2017/texmf-dist/tex/latex/latexconfig/epstopdf-sys.cfg
File: epstopdf-sys.cfg 2010/07/13 v1.3 Configuration of (r)epstopdf for TeX Liv
e
))
Package caption Info: Begin \AtBeginDocument code.
Package caption Info: float package is loaded.
Package caption Info: listings package is loaded.
Package caption Info: End \AtBeginDocument code.
LaTeX Info: Redefining \celsius on input line 23.
Package gensymb Info: Faking symbols for \degree and \celsius on input line 23.



Package gensymb Warning: Not defining \perthousand.

LaTeX Info: Redefining \ohm on input line 23.
Package gensymb Info: Using \Omega for \ohm on input line 23.

Package gensymb Warning: Not defining \micro.

*geometry* driver: auto-detecting
*geometry* detected driver: pdftex
*geometry* verbose mode - [ preamble ] result:
* driver: pdftex
* paper: a4paper
* layout: <same size as paper>
* layoutoffset:(h,v)=(0.0pt,0.0pt)
* modes: 
* h-part:(L,W,R)=(56.9055pt, 483.69684pt, 56.90553pt)
* v-part:(T,H,B)=(56.9055pt, 731.23582pt, 56.90552pt)
* \paperwidth=597.50787pt
* \paperheight=845.04684pt
* \textwidth=483.69684pt
* \textheight=731.23582pt
* \oddsidemargin=-15.36449pt
* \evensidemargin=-15.36449pt
* \topmargin=-52.36449pt
* \headheight=12.0pt
* \headsep=25.0pt
* \topskip=10.0pt
* \footskip=30.0pt
* \marginparwidth=65.0pt
* \marginparsep=11.0pt
* \columnsep=10.0pt
* \skip\footins=9.0pt plus 4.0pt minus 2.0pt
* \hoffset=0.0pt
* \voffset=0.0pt
* \mag=1000
* \@twocolumnfalse
* \@twosidefalse
* \@mparswitchfalse
* \@reversemarginfalse
* (1in=72.27pt=25.4mm, 1cm=28.453pt)

\c@lstlisting=\count120
LaTeX Font Info:    Try loading font information for U+msa on input line 25.
(/usr/local/texlive/2017/texmf-dist/tex/latex/amsfonts/umsa.fd
File: umsa.fd 2013/01/14 v3.01 AMS symbols A
)
LaTeX Font Info:    Try loading font information for U+msb on input line 25.

(/usr/local/texlive/2017/texmf-dist/tex/latex/amsfonts/umsb.fd
File: umsb.fd 2013/01/14 v3.01 AMS symbols B
)
<Fig_UFEMISM.jpg, id=1, 848.16875pt x 852.18375pt>
File: Fig_UFEMISM.jpg Graphic file (type jpg)
<use Fig_UFEMISM.jpg>
Package pdftex.def Info: Fig_UFEMISM.jpg  used on input line 29.
(pdftex.def)             Requested size: 386.95894pt x 388.78447pt.
 [1

{/usr/local/texlive/2017/texmf-var/fonts/map/pdftex/updmap/pdftex.map} <./Fig_U
FEMISM.jpg>]
(./UFEMISM_docu_full.toc)
\tf@toc=\write3
\openout3 = `UFEMISM_docu_full.toc'.

 [2]
Underfull \hbox (badness 10000) in paragraph at lines 46--51

 []


Underfull \hbox (badness 10000) in paragraph at lines 46--51

 []

LaTeX Font Info:    Try loading font information for OMS+cmr on input line 58.
(/usr/local/texlive/2017/texmf-dist/tex/latex/base/omscmr.fd
File: omscmr.fd 2014/09/29 v2.5h Standard LaTeX font definitions
)
LaTeX Font Info:    Font shape `OMS/cmr/m/n' in size <10> not available
(Font)              Font shape `OMS/cmsy/m/n' tried instead on input line 58.
 [1]
Underfull \hbox (badness 10000) in paragraph at lines 79--81

 []


Underfull \hbox (badness 10000) in paragraph at lines 84--86

 []

[2]
LaTeX Font Info:    Try loading font information for OML+cmr on input line 121.

 (/usr/local/texlive/2017/texmf-dist/tex/latex/base/omlcmr.fd
File: omlcmr.fd 2014/09/29 v2.5h Standard LaTeX font definitions
)
LaTeX Font Info:    Font shape `OML/cmr/m/n' in size <10> not available
(Font)              Font shape `OML/cmm/m/it' tried instead on input line 121.

Underfull \hbox (badness 10000) in paragraph at lines 145--148

 []


Underfull \hbox (badness 10000) in paragraph at lines 145--148

 []


Overfull \hbox (49.67746pt too wide) in paragraph at lines 153--154
\OT1/cmr/m/n/10 The main ice model of UFEMISM is con-tained in the sub-rou-tine
 \OT1/cmr/m/sc/10 run[]model \OT1/cmr/m/n/10 in the mod-ule \OT1/cmr/m/sc/10 UF
EMISM[]main[]module.f90\OT1/cmr/m/n/10 .
 []

[3]
Underfull \hbox (badness 10000) in paragraph at lines 179--183

 []

<Fig_timestep_UFEMISM.png, id=29, 1418.29875pt x 724.7075pt>
File: Fig_timestep_UFEMISM.png Graphic file (type png)
<use Fig_timestep_UFEMISM.png>
Package pdftex.def Info: Fig_timestep_UFEMISM.png  used on input line 185.
(pdftex.def)             Requested size: 435.32419pt x 222.43431pt.

Underfull \hbox (badness 10000) in paragraph at lines 189--192

 []

[4 <./Fig_timestep_UFEMISM.png>]
Underfull \hbox (badness 10000) in paragraph at lines 195--198

 []


Underfull \hbox (badness 10000) in paragraph at lines 235--238

 []

[5]
Underfull \hbox (badness 10000) in paragraph at lines 283--287

 []

[6]
Underfull \hbox (badness 10000) in paragraph at lines 309--312

 []


Underfull \hbox (badness 10000) in paragraph at lines 309--312

 []


Underfull \hbox (badness 10000) in paragraph at lines 328--333

 []


Underfull \hbox (badness 10000) in paragraph at lines 328--333

 []


Underfull \hbox (badness 10000) in paragraph at lines 336--339

 []

[7] [8]
Underfull \hbox (badness 10000) in paragraph at lines 384--387

 []


Underfull \hbox (badness 10000) in paragraph at lines 394--399

 []


Underfull \hbox (badness 10000) in paragraph at lines 394--399

 []

[9]
Underfull \hbox (badness 10000) in paragraph at lines 444--447

 []


Underfull \hbox (badness 10000) in paragraph at lines 468--473

 []


Underfull \hbox (badness 10000) in paragraph at lines 468--473

 []

[10]
Missing character: There is no ‚ in font cmr10!
Missing character: There is no Ä in font cmr10!
Missing character: There is no ú in font cmr10!
Missing character: There is no ‚ in font cmr10!
Missing character: There is no Ä in font cmr10!
Missing character: There is no ù in font cmr10!
Missing character: There is no Ã in font cmr10!
Missing character: There is no Ç in font cmr10!
<Fig_masscontinuity.png, id=61, 156.585pt x 98.2872pt>
File: Fig_masscontinuity.png Graphic file (type png)
<use Fig_masscontinuity.png>
Package pdftex.def Info: Fig_masscontinuity.png  used on input line 495.
(pdftex.def)             Requested size: 145.11052pt x 91.08818pt.

Underfull \hbox (badness 10000) in paragraph at lines 517--520

 []

[11 <./Fig_masscontinuity.png>]
Underfull \hbox (badness 10000) in paragraph at lines 541--544

 []

[12]
Missing character: There is no ‚ in font cmr10!
Missing character: There is no Ä in font cmr10!
Missing character: There is no ú in font cmr10!
Missing character: There is no ‚ in font cmr10!
Missing character: There is no Ä in font cmr10!
Missing character: There is no ù in font cmr10!
 [13] [14]

Package caption Warning: \label without proper reference on input line 626.
See the caption package documentation for explanation.


LaTeX Warning: Reference `fig:dummymesh' on page 15 undefined on input line 624
.

<Fig_dummymesh_01.png, id=76, 407.5225pt x 409.53pt>
File: Fig_dummymesh_01.png Graphic file (type png)
<use Fig_dummymesh_01.png>
Package pdftex.def Info: Fig_dummymesh_01.png  used on input line 627.
(pdftex.def)             Requested size: 145.11052pt x 145.8247pt.

Package caption Warning: \label without proper reference on input line 638.
See the caption package documentation for explanation.


LaTeX Warning: Reference `fig:VoronoiDelaunay' on page 15 undefined on input li
ne 636.

<Fig_VoronoiDelaunay_01.png, id=77, 690.58pt x 700.6175pt>
File: Fig_VoronoiDelaunay_01.png Graphic file (type png)
<use Fig_VoronoiDelaunay_01.png>
Package pdftex.def Info: Fig_VoronoiDelaunay_01.png  used on input line 641.
(pdftex.def)             Requested size: 120.92421pt x 122.67404pt.
<Fig_VoronoiDelaunay_02.png, id=78, 692.5875pt x 699.61375pt>
File: Fig_VoronoiDelaunay_02.png Graphic file (type png)
<use Fig_VoronoiDelaunay_02.png>
Package pdftex.def Info: Fig_VoronoiDelaunay_02.png  used on input line 645.
(pdftex.def)             Requested size: 120.92421pt x 122.14601pt.
<Fig_VoronoiDelaunay_03.png, id=79, 691.58376pt x 699.61375pt>
File: Fig_VoronoiDelaunay_03.png Graphic file (type png)
<use Fig_VoronoiDelaunay_03.png>
Package pdftex.def Info: Fig_VoronoiDelaunay_03.png  used on input line 649.
(pdftex.def)             Requested size: 120.92421pt x 122.32748pt.

LaTeX Warning: `!h' float specifier changed to `!ht'.


Package caption Warning: \label without proper reference on input line 666.
See the caption package documentation for explanation.


LaTeX Warning: Reference `fig:Delaunayflip' on page 15 undefined on input line 
664.


Underfull \hbox (badness 10000) in paragraph at lines 662--665

 []

<Fig_Delaunayflip_01.png, id=80, 484.81125pt x 545.03625pt>
File: Fig_Delaunayflip_01.png Graphic file (type png)
<use Fig_Delaunayflip_01.png>
Package pdftex.def Info: Fig_Delaunayflip_01.png  used on input line 669.
(pdftex.def)             Requested size: 193.47577pt x 217.51164pt.
<Fig_Delaunayflip_02.png, id=81, 485.815pt x 546.04pt>
File: Fig_Delaunayflip_02.png Graphic file (type png)
<use Fig_Delaunayflip_02.png>
Package pdftex.def Info: Fig_Delaunayflip_02.png  used on input line 673.
(pdftex.def)             Requested size: 193.47577pt x 217.45396pt.
[15 <./Fig_dummymesh_01.png>]
Underfull \hbox (badness 10000) in paragraph at lines 681--684

 []

[16 <./Fig_VoronoiDelaunay_01.png> <./Fig_VoronoiDelaunay_02.png> <./Fig_Vorono
iDelaunay_03.png> <./Fig_Delaunayflip_01.png> <./Fig_Delaunayflip_02.png>]

Package caption Warning: \label without proper reference on input line 732.
See the caption package documentation for explanation.


LaTeX Warning: Reference `fig:meshdata_02' on page 17 undefined on input line 7
30.

<Fig_meshdata_02.png, id=96, 692.5875pt x 700.6175pt>
File: Fig_meshdata_02.png Graphic file (type png)
<use Fig_meshdata_02.png>
Package pdftex.def Info: Fig_meshdata_02.png  used on input line 733.
(pdftex.def)             Requested size: 241.84842pt x 244.6532pt.
[17]

Package caption Warning: \label without proper reference on input line 739.
See the caption package documentation for explanation.


LaTeX Warning: Reference `tab:table_vertexdata_01' on page 18 undefined on inpu
t line 737.


Package caption Warning: \label without proper reference on input line 762.
See the caption package documentation for explanation.


LaTeX Warning: Reference `tab:table_triangledata_01' on page 18 undefined on in
put line 737.

[18 <./Fig_meshdata_02.png>]
<Fig_staggeredmesh.png, id=105, 649.42625pt x 654.445pt>
File: Fig_staggeredmesh.png Graphic file (type png)
<use Fig_staggeredmesh.png>
Package pdftex.def Info: Fig_staggeredmesh.png  used on input line 792.
(pdftex.def)             Requested size: 241.84842pt x 243.70866pt.
 [19 <./Fig_staggeredmesh.png>]

Package caption Warning: \label without proper reference on input line 852.
See the caption package documentation for explanation.


LaTeX Warning: Reference `fig:split_triangle' on page 20 undefined on input lin
e 850.


Underfull \hbox (badness 10000) in paragraph at lines 848--851

 []

<Fig_split_triangle_01.png, id=110, 692.5875pt x 700.6175pt>
File: Fig_split_triangle_01.png Graphic file (type png)
<use Fig_split_triangle_01.png>
Package pdftex.def Info: Fig_split_triangle_01.png  used on input line 855.
(pdftex.def)             Requested size: 193.47577pt x 195.71187pt.
<Fig_split_triangle_02.png, id=111, 692.5875pt x 700.6175pt>
File: Fig_split_triangle_02.png Graphic file (type png)
<use Fig_split_triangle_02.png>
Package pdftex.def Info: Fig_split_triangle_02.png  used on input line 859.
(pdftex.def)             Requested size: 193.47577pt x 195.71187pt.
<Fig_split_triangle_03.png, id=112, 692.5875pt x 700.6175pt>
File: Fig_split_triangle_03.png Graphic file (type png)
<use Fig_split_triangle_03.png>
Package pdftex.def Info: Fig_split_triangle_03.png  used on input line 863.
(pdftex.def)             Requested size: 193.47577pt x 195.71187pt.
<Fig_split_triangle_04.png, id=113, 691.58376pt x 699.61375pt>
File: Fig_split_triangle_04.png Graphic file (type png)
<use Fig_split_triangle_04.png>
Package pdftex.def Info: Fig_split_triangle_04.png  used on input line 867.
(pdftex.def)             Requested size: 193.47577pt x 195.71971pt.
[20]
Overfull \hbox (40.70392pt too wide) in paragraph at lines 878--890
 [] 
 []

[21 <./Fig_split_triangle_01.png> <./Fig_split_triangle_02.png> <./Fig_split_tr
iangle_03.png> <./Fig_split_triangle_04.png>]
<Fig_submesh1.png, id=124, 175.65625pt x 552.0625pt>
File: Fig_submesh1.png Graphic file (type png)
<use Fig_submesh1.png>
Package pdftex.def Info: Fig_submesh1.png  used on input line 902.
(pdftex.def)             Requested size: 48.37263pt x 152.02403pt.
<Fig_submesh2.png, id=125, 175.65625pt x 552.0625pt>
File: Fig_submesh2.png Graphic file (type png)
<use Fig_submesh2.png>
Package pdftex.def Info: Fig_submesh2.png  used on input line 906.
(pdftex.def)             Requested size: 48.37263pt x 152.02403pt.
<Fig_submesh3.png, id=126, 175.65625pt x 552.0625pt>
File: Fig_submesh3.png Graphic file (type png)
<use Fig_submesh3.png>
Package pdftex.def Info: Fig_submesh3.png  used on input line 910.
(pdftex.def)             Requested size: 48.37263pt x 152.02403pt.
<Fig_submesh4.png, id=127, 175.65625pt x 552.0625pt>
File: Fig_submesh4.png Graphic file (type png)
<use Fig_submesh4.png>
Package pdftex.def Info: Fig_submesh4.png  used on input line 914.
(pdftex.def)             Requested size: 48.37263pt x 152.02403pt.

Underfull \hbox (badness 10000) in paragraph at lines 920--925

 []


Underfull \hbox (badness 10000) in paragraph at lines 920--925

 []

<Fig_mesh_disc_01.png, id=128, 629.35126pt x 517.935pt>
File: Fig_mesh_disc_01.png Graphic file (type png)
<use Fig_mesh_disc_01.png>
Package pdftex.def Info: Fig_mesh_disc_01.png  used on input line 933.
(pdftex.def)             Requested size: 145.11052pt x 119.41495pt.
[22 <./Fig_submesh1.png (PNG copy)> <./Fig_submesh2.png (PNG copy)> <./Fig_subm
esh3.png (PNG copy)> <./Fig_submesh4.png (PNG copy)>]

Package caption Warning: \label without proper reference on input line 932.
See the caption package documentation for explanation.


LaTeX Warning: Reference `fig:mesh_disc_01' on page 23 undefined on input line 
937.


Package caption Warning: \label without proper reference on input line 932.
See the caption package documentation for explanation.


LaTeX Warning: Reference `fig:mesh_disc_01' on page 23 undefined on input line 
937.


Underfull \hbox (badness 10000) in paragraph at lines 947--950

 []


Underfull \hbox (badness 10000) in paragraph at lines 961--964

 []

[23 <./Fig_mesh_disc_01.png>]
Missing character: There is no ‚ in font cmr10!
Missing character: There is no Ä in font cmr10!
Missing character: There is no ú in font cmr10!
Missing character: There is no ‚ in font cmr10!
Missing character: There is no Ä in font cmr10!
Missing character: There is no ù in font cmr10!
Missing character: There is no ‚ in font cmr10!
Missing character: There is no Ä in font cmr10!
Missing character: There is no ú in font cmr10!
Missing character: There is no ‚ in font cmr10!
Missing character: There is no Ä in font cmr10!
Missing character: There is no ù in font cmr10!
<Fig_mesh_disc_02.png, id=137, 629.35126pt x 518.93875pt>
File: Fig_mesh_disc_02.png Graphic file (type png)
<use Fig_mesh_disc_02.png>
Package pdftex.def Info: Fig_mesh_disc_02.png  used on input line 1008.
(pdftex.def)             Requested size: 145.11052pt x 119.64638pt.
 [24 <./Fig_mesh_disc_02.png>]
Missing character: There is no ‚ in font cmr10!
Missing character: There is no Ä in font cmr10!
Missing character: There is no ì in font cmr10!
 [25] [26]
<Fig_staggeredvertex.png, id=148, 376.40625pt x 320.19624pt>
File: Fig_staggeredvertex.png Graphic file (type png)
<use Fig_staggeredvertex.png>
Package pdftex.def Info: Fig_staggeredvertex.png  used on input line 1152.
(pdftex.def)             Requested size: 145.11052pt x 123.44449pt.


Package caption Warning: \label without proper reference on input line 1151.
See the caption package documentation for explanation.


LaTeX Warning: Reference `fig:mesh_staggeredvertex' on page 27 undefined on inp
ut line 1156.

[27 <./Fig_staggeredvertex.png>]
Underfull \hbox (badness 10000) in paragraph at lines 1195--1198

 []

[28] [29]

Package caption Warning: \label without proper reference on input line 1300.
See the caption package documentation for explanation.


LaTeX Warning: Reference `fig:disc_conv_maps' on page 30 undefined on input lin
e 1298.


Underfull \hbox (badness 10000) in paragraph at lines 1296--1299

 []


Overfull \hbox (11.22064pt too wide) in paragraph at lines 1296--1299
\OT1/cmr/m/n/10 We in-ves-ti-gated the con-ver-gence be-haviour of both the ave
raged-gradients dis-creti-sa-tion scheme used in UFEMISM,
 []

<Fig_discretisation_convergence_maps.png, id=160, 466.3824pt x 158.5122pt>
File: Fig_discretisation_convergence_maps.png Graphic file (type png)
<use Fig_discretisation_convergence_maps.png>
Package pdftex.def Info: Fig_discretisation_convergence_maps.png  used on input
 line 1301.
(pdftex.def)             Requested size: 435.32419pt x 147.9566pt.

Package caption Warning: \label without proper reference on input line 1307.
See the caption package documentation for explanation.


LaTeX Warning: Reference `fig:disc_conv_order' on page 30 undefined on input li
ne 1305.


Package caption Warning: \label without proper reference on input line 1300.
See the caption package documentation for explanation.


LaTeX Warning: Reference `fig:disc_conv_maps' on page 30 undefined on input lin
e 1305.

<Fig_discretisation_convergence_order.png, id=161, 502.5174pt x 130.086pt>
File: Fig_discretisation_convergence_order.png Graphic file (type png)
<use Fig_discretisation_convergence_order.png>
Package pdftex.def Info: Fig_discretisation_convergence_order.png  used on inpu
t line 1308.
(pdftex.def)             Requested size: 435.32419pt x 112.69353pt.
[30 <./Fig_discretisation_convergence_maps.png> <./Fig_discretisation_convergen
ce_order.png>] [31]
Underfull \hbox (badness 10000) in paragraph at lines 1369--1372

 []


Package caption Warning: \label without proper reference on input line 1417.
See the caption package documentation for explanation.


LaTeX Warning: Reference `fig:remapping' on page 32 undefined on input line 141
5.


Underfull \hbox (badness 10000) in paragraph at lines 1410--1416

 []


Underfull \hbox (badness 10000) in paragraph at lines 1410--1416

 []

[32]
<Fig_remapping.png, id=173, 1365.1pt x 923.45pt>
File: Fig_remapping.png Graphic file (type png)
<use Fig_remapping.png>
Package pdftex.def Info: Fig_remapping.png  used on input line 1418.
(pdftex.def)             Requested size: 435.32419pt x 294.48141pt.


Package caption Warning: \label without proper reference on input line 1417.
See the caption package documentation for explanation.


LaTeX Warning: Reference `fig:remapping' on page 33 undefined on input line 142
2.


Underfull \hbox (badness 10000) in paragraph at lines 1427--1427
[]|\OT1/cmr/m/n/10 Left-hand
 []


Underfull \hbox (badness 10000) in paragraph at lines 1427--1427
\OT1/cmr/m/n/10 source
 []


Underfull \hbox (badness 10000) in paragraph at lines 1427--1427
[]|\OT1/cmr/m/n/10 Right-hand
 []


Underfull \hbox (badness 10000) in paragraph at lines 1427--1427
\OT1/cmr/m/n/10 source
 []


Underfull \hbox (badness 10000) in paragraph at lines 1427--1427
[]|\OT1/cmr/m/n/10 Left-hand
 []


Underfull \hbox (badness 10000) in paragraph at lines 1427--1427
\OT1/cmr/m/n/10 des-ti-na-tion
 []


Underfull \hbox (badness 10000) in paragraph at lines 1427--1427
[]|\OT1/cmr/m/n/10 Right-hand
 []


Underfull \hbox (badness 10000) in paragraph at lines 1427--1427
\OT1/cmr/m/n/10 des-ti-na-tion
 []

Missing character: There is no ‚ in font cmr10!
Missing character: There is no Ä in font cmr10!
Missing character: There is no ì in font cmr10!
Missing character: There is no ‚ in font cmr10!
Missing character: There is no Ä in font cmr10!
Missing character: There is no ô in font cmr10!

Underfull \hbox (badness 10000) in paragraph at lines 1436--1442

 []


Underfull \hbox (badness 10000) in paragraph at lines 1436--1442

 []

[33 <./Fig_remapping.png (PNG copy)>]
Overfull \hbox (8.30817pt too wide) in paragraph at lines 1452--1453
[][][][][][][][][][][][][][][][] 
 []


Overfull \hbox (8.30817pt too wide) in paragraph at lines 1454--1456
[][][][][][][][][][][][][][][][] 
 []


Overfull \hbox (8.30817pt too wide) in paragraph at lines 1470--1472
[][][][][][][][][][][][][][][][] 
 []


Underfull \hbox (badness 10000) in paragraph at lines 1478--1482

 []


Package caption Warning: \label without proper reference on input line 1417.
See the caption package documentation for explanation.


LaTeX Warning: Reference `fig:remapping' on page 34 undefined on input line 148
4.

[34] [35]
Underfull \hbox (badness 10000) in paragraph at lines 1497--1506

 []


Underfull \hbox (badness 10000) in paragraph at lines 1497--1506

 []


Underfull \hbox (badness 10000) in paragraph at lines 1497--1506

 []


Underfull \hbox (badness 10000) in paragraph at lines 1497--1506

 []

[36] (./UFEMISM_docu_full.aux)

LaTeX Warning: There were undefined references.

 ) 
Here is how much of TeX's memory you used:
 5510 strings out of 492982
 83033 string characters out of 6132527
 173952 words of memory out of 5000000
 8966 multiletter control sequences out of 15000+600000
 13068 words of font info for 50 fonts, out of 8000000 for 9000
 1141 hyphenation exceptions out of 8191
 42i,21n,40p,1431b,1084s stack positions out of 5000i,500n,10000p,200000b,80000s
</usr/local/texlive/2017/texmf-dist/fonts/type1/public/amsfonts/cm/cmbx10.pfb
></usr/local/texlive/2017/texmf-dist/fonts/type1/public/amsfonts/cm/cmbx12.pfb>
</usr/local/texlive/2017/texmf-dist/fonts/type1/public/amsfonts/cm/cmbx7.pfb></
usr/local/texlive/2017/texmf-dist/fonts/type1/public/amsfonts/cm/cmcsc10.pfb></
usr/local/texlive/2017/texmf-dist/fonts/type1/public/amsfonts/cm/cmex10.pfb></u
sr/local/texlive/2017/texmf-dist/fonts/type1/public/amsfonts/cm/cmmi10.pfb></us
r/local/texlive/2017/texmf-dist/fonts/type1/public/amsfonts/cm/cmmi5.pfb></usr/
local/texlive/2017/texmf-dist/fonts/type1/public/amsfonts/cm/cmmi7.pfb></usr/lo
cal/texlive/2017/texmf-dist/fonts/type1/public/amsfonts/cm/cmr10.pfb></usr/loca
l/texlive/2017/texmf-dist/fonts/type1/public/amsfonts/cm/cmr12.pfb></usr/local/
texlive/2017/texmf-dist/fonts/type1/public/amsfonts/cm/cmr17.pfb></usr/local/te
xlive/2017/texmf-dist/fonts/type1/public/amsfonts/cm/cmr5.pfb></usr/local/texli
ve/2017/texmf-dist/fonts/type1/public/amsfonts/cm/cmr7.pfb></usr/local/texlive/
2017/texmf-dist/fonts/type1/public/amsfonts/cm/cmr9.pfb></usr/local/texlive/201
7/texmf-dist/fonts/type1/public/amsfonts/cm/cmsy10.pfb></usr/local/texlive/2017
/texmf-dist/fonts/type1/public/amsfonts/cm/cmsy5.pfb></usr/local/texlive/2017/t
exmf-dist/fonts/type1/public/amsfonts/cm/cmsy7.pfb></usr/local/texlive/2017/tex
mf-dist/fonts/type1/public/amsfonts/cm/cmti10.pfb></usr/local/texlive/2017/texm
f-dist/fonts/type1/public/amsfonts/symbols/msbm10.pfb>
Output written on UFEMISM_docu_full.pdf (38 pages, 2109531 bytes).
PDF statistics:
 250 PDF objects out of 1000 (max. 8388607)
 145 compressed objects within 2 object streams
 0 named destinations out of 1000 (max. 500000)
 126 words of extra memory for PDF output out of 10000 (max. 10000000)

